<?xml version="1.0" encoding="UTF-8"?>
<!-- Generated by org.testng.reporters.JUnitXMLReporter -->
<testsuite ignored="0" hostname="QSP" failures="1" tests="3" name="Test" time="55.002" errors="0" timestamp="2022-02-08T09:27:11 IST">
  <testcase classname="testng.Testcase1" name="tc1" time="7.084">
    <failure type="java.lang.AssertionError" message="The following asserts failed:
	expected [7ryufyufyugfygj] but found [Facebook – log in or sign up]">
      <![CDATA[java.lang.AssertionError: The following asserts failed:
expected [7ryufyufyugfygj] but found [Facebook – log in or sign up]
at testng.Testcase1.tc1(Testcase1.java:41)
at java.base/java.util.ArrayList.forEach(ArrayList.java:1511)
... Removed 29 stack frames]]>
    </failure>
  </testcase> <!-- tc1 -->
  <testcase classname="testng.Testcase2" name="tc2" time="6.146"/>
  <testcase classname="testng.Testcase3" name="tc3" time="10.365"/>
</testsuite> <!-- Test -->
